<?xml version='1.1' encoding='UTF-8'?>
<result plugin="junit@1.24">
  <suites>
    <suite>
      <file>C:\Users\Daria\.jenkins\workspace\addressbook tests\results.xml</file>
      <name>pytest</name>
      <duration>81.616</duration>
      <time>81.616</time>
      <enclosingBlocks/>
      <enclosingBlockNames/>
      <cases>
        <case>
          <duration>16.9435</duration>
          <className>test.test_add_contact</className>
          <testName>test_add_contact[None::]</testName>
          <skipped>false</skipped>
          <failedSince>0</failedSince>
        </case>
        <case>
          <duration>5.8227515</duration>
          <className>test.test_add_contact</className>
          <testName>test_add_contact[None:lastnameXJMr:firstname Z 02]</testName>
          <skipped>false</skipped>
          <failedSince>0</failedSince>
        </case>
        <case>
          <duration>5.7680287</duration>
          <className>test.test_add_contact</className>
          <testName>test_add_contact[None:lastname9OsJIg:firstnameF6oHNTxp]</testName>
          <skipped>false</skipped>
          <failedSince>0</failedSince>
        </case>
        <case>
          <duration>6.625651</duration>
          <className>test.test_add_contact</className>
          <testName>test_add_contact[None:lastnameoiX aJ:firstname6]</testName>
          <skipped>false</skipped>
          <failedSince>0</failedSince>
        </case>
        <case>
          <duration>6.615763</duration>
          <className>test.test_add_contact</className>
          <testName>test_add_contact[None:lastnamenIIGpCW:firstnameZF B]</testName>
          <skipped>false</skipped>
          <failedSince>0</failedSince>
        </case>
        <case>
          <duration>6.1992497</duration>
          <className>test.test_add_contact</className>
          <testName>test_add_contact[None:lastnameq3O:firstname2Ac]</testName>
          <skipped>false</skipped>
          <failedSince>0</failedSince>
        </case>
        <case>
          <duration>2.0529087</duration>
          <className>test.test_add_contact_to_group</className>
          <testName>test_add_contact_to_group</testName>
          <skipped>false</skipped>
          <failedSince>0</failedSince>
        </case>
        <case>
          <duration>1.6985173</duration>
          <className>test.test_add_group</className>
          <testName>test_add_group[None:::]</testName>
          <skipped>false</skipped>
          <failedSince>0</failedSince>
        </case>
        <case>
          <duration>1.8998845</duration>
          <className>test.test_add_group</className>
          <testName>test_add_group[None:namesj T8:header:footerIokZzq1cYMXe46eX]</testName>
          <skipped>false</skipped>
          <failedSince>0</failedSince>
        </case>
        <case>
          <duration>1.6461837</duration>
          <className>test.test_add_group</className>
          <testName>test_add_group[None:nameprKvtDz7:headerM:footerXG7HiCaqk6Zf]</testName>
          <skipped>false</skipped>
          <failedSince>0</failedSince>
        </case>
        <case>
          <duration>1.5498278</duration>
          <className>test.test_add_group</className>
          <testName>test_add_group[None:nameefhf:header6 D:footerbQ]</testName>
          <skipped>false</skipped>
          <failedSince>0</failedSince>
        </case>
        <case>
          <duration>2.1002834</duration>
          <className>test.test_add_group</className>
          <testName>test_add_group[None:nameRVfH:headerCUn3s4XlmmxEfV1UgV:footer]</testName>
          <skipped>false</skipped>
          <failedSince>0</failedSince>
        </case>
        <case>
          <duration>1.5186856</duration>
          <className>test.test_add_group</className>
          <testName>test_add_group[None:namer:headerUa in1FEuJJACaeK:footerz]</testName>
          <skipped>false</skipped>
          <failedSince>0</failedSince>
        </case>
        <case>
          <duration>1.9603643</duration>
          <className>test.test_check_contact_info</className>
          <testName>test_contact_info_on_home_page</testName>
          <skipped>false</skipped>
          <failedSince>0</failedSince>
        </case>
        <case>
          <duration>3.731293</duration>
          <className>test.test_db_matches_ui</className>
          <testName>test_group_list</testName>
          <skipped>false</skipped>
          <stdout>1.7657233239501444
1.419895817971535
</stdout>
          <failedSince>0</failedSince>
        </case>
        <case>
          <duration>1.9992919</duration>
          <className>test.test_del_contact</className>
          <testName>test_delete_some_contact</testName>
          <skipped>false</skipped>
          <failedSince>0</failedSince>
        </case>
        <case>
          <duration>1.5860035</duration>
          <className>test.test_del_group</className>
          <testName>test_delete_some_group</testName>
          <skipped>false</skipped>
          <failedSince>0</failedSince>
        </case>
        <case>
          <duration>7.367439</duration>
          <className>test.test_edit_contact</className>
          <testName>test_edit_some_contact</testName>
          <skipped>false</skipped>
          <failedSince>0</failedSince>
        </case>
        <case>
          <duration>2.1017938</duration>
          <className>test.test_edit_group</className>
          <testName>test_edit_group</testName>
          <skipped>false</skipped>
          <failedSince>0</failedSince>
        </case>
        <case>
          <duration>1.9509597</duration>
          <className>test.test_remove_contact_from_group</className>
          <testName>test_remove_contact_from_group</testName>
          <skipped>false</skipped>
          <failedSince>0</failedSince>
        </case>
      </cases>
    </suite>
  </suites>
  <duration>81.616</duration>
  <keepLongStdio>false</keepLongStdio>
</result>